This is pdfTeX, Version 3.14159265-2.6-1.40.18 (TeX Live 2017/Debian) (preloaded format=pdflatex 2021.7.8)  8 JUL 2021 08:25
entering extended mode
 restricted \write18 enabled.
 %&-line parsing enabled.
**code.tex
(./code.tex
LaTeX2e <2017-04-15>
Babel <3.18> and hyphenation patterns for 3 language(s) loaded.
(/usr/share/texlive/texmf-dist/tex/latex/base/article.cls
Document Class: article 2014/09/29 v1.4h Standard LaTeX document class
(/usr/share/texlive/texmf-dist/tex/latex/base/size10.clo
File: size10.clo 2014/09/29 v1.4h Standard LaTeX file (size option)
)
\c@part=\count79
\c@section=\count80
\c@subsection=\count81
\c@subsubsection=\count82
\c@paragraph=\count83
\c@subparagraph=\count84
\c@figure=\count85
\c@table=\count86
\abovecaptionskip=\skip41
\belowcaptionskip=\skip42
\bibindent=\dimen102
) (./noweb.sty
(/usr/share/texlive/texmf-dist/tex/latex/fancyvrb/fancyvrb.sty
Package: fancyvrb 2008/02/07

Style option: `fancyvrb' v2.7a, with DG/SPQR fixes, and firstline=lastline fix 
<2008/02/07> (tvz) (/usr/share/texlive/texmf-dist/tex/latex/graphics/keyval.sty
Package: keyval 2014/10/28 v1.15 key=value parser (DPC)
\KV@toks@=\toks14
)
\FV@CodeLineNo=\count87
\FV@InFile=\read1
\FV@TabBox=\box26
\c@FancyVerbLine=\count88
\FV@StepNumber=\count89
\FV@OutFile=\write3
) (/usr/share/texlive/texmf-dist/tex/latex/hyperref/hyperref.sty
Package: hyperref 2018/02/06 v6.86b Hypertext links for LaTeX

(/usr/share/texlive/texmf-dist/tex/generic/oberdiek/hobsub-hyperref.sty
Package: hobsub-hyperref 2016/05/16 v1.14 Bundle oberdiek, subset hyperref (HO)


(/usr/share/texlive/texmf-dist/tex/generic/oberdiek/hobsub-generic.sty
Package: hobsub-generic 2016/05/16 v1.14 Bundle oberdiek, subset generic (HO)
Package: hobsub 2016/05/16 v1.14 Construct package bundles (HO)
Package: infwarerr 2016/05/16 v1.4 Providing info/warning/error messages (HO)
Package: ltxcmds 2016/05/16 v1.23 LaTeX kernel commands for general use (HO)
Package: ifluatex 2016/05/16 v1.4 Provides the ifluatex switch (HO)
Package ifluatex Info: LuaTeX not detected.
Package: ifvtex 2016/05/16 v1.6 Detect VTeX and its facilities (HO)
Package ifvtex Info: VTeX not detected.
Package: intcalc 2016/05/16 v1.2 Expandable calculations with integers (HO)
Package: ifpdf 2017/03/15 v3.2 Provides the ifpdf switch
Package: etexcmds 2016/05/16 v1.6 Avoid name clashes with e-TeX commands (HO)
Package etexcmds Info: Could not find \expanded.
(etexcmds)             That can mean that you are not using pdfTeX 1.50 or
(etexcmds)             that some package has redefined \expanded.
(etexcmds)             In the latter case, load this package earlier.
Package: kvsetkeys 2016/05/16 v1.17 Key value parser (HO)
Package: kvdefinekeys 2016/05/16 v1.4 Define keys (HO)
Package: pdftexcmds 2018/01/21 v0.26 Utility functions of pdfTeX for LuaTeX (HO
)
Package pdftexcmds Info: LuaTeX not detected.
Package pdftexcmds Info: \pdf@primitive is available.
Package pdftexcmds Info: \pdf@ifprimitive is available.
Package pdftexcmds Info: \pdfdraftmode found.
Package: pdfescape 2016/05/16 v1.14 Implements pdfTeX's escape features (HO)
Package: bigintcalc 2016/05/16 v1.4 Expandable calculations on big integers (HO
)
Package: bitset 2016/05/16 v1.2 Handle bit-vector datatype (HO)
Package: uniquecounter 2016/05/16 v1.3 Provide unlimited unique counter (HO)
)
Package hobsub Info: Skipping package `hobsub' (already loaded).
Package: letltxmacro 2016/05/16 v1.5 Let assignment for LaTeX macros (HO)
Package: hopatch 2016/05/16 v1.3 Wrapper for package hooks (HO)
Package: xcolor-patch 2016/05/16 xcolor patch
Package: atveryend 2016/05/16 v1.9 Hooks at the very end of document (HO)
Package atveryend Info: \enddocument detected (standard20110627).
Package: atbegshi 2016/06/09 v1.18 At begin shipout hook (HO)
Package: refcount 2016/05/16 v3.5 Data extraction from label references (HO)
Package: hycolor 2016/05/16 v1.8 Color options for hyperref/bookmark (HO)
)
(/usr/share/texlive/texmf-dist/tex/generic/ifxetex/ifxetex.sty
Package: ifxetex 2010/09/12 v0.6 Provides ifxetex conditional
)
(/usr/share/texlive/texmf-dist/tex/latex/oberdiek/auxhook.sty
Package: auxhook 2016/05/16 v1.4 Hooks for auxiliary files (HO)
)
(/usr/share/texlive/texmf-dist/tex/latex/oberdiek/kvoptions.sty
Package: kvoptions 2016/05/16 v3.12 Key value format for package options (HO)
)
\@linkdim=\dimen103
\Hy@linkcounter=\count90
\Hy@pagecounter=\count91

(/usr/share/texlive/texmf-dist/tex/latex/hyperref/pd1enc.def
File: pd1enc.def 2018/02/06 v6.86b Hyperref: PDFDocEncoding definition (HO)
)
\Hy@SavedSpaceFactor=\count92

(/usr/share/texlive/texmf-dist/tex/latex/latexconfig/hyperref.cfg
File: hyperref.cfg 2002/06/06 v1.2 hyperref configuration of TeXLive
)
Package hyperref Info: Hyper figures OFF on input line 4509.
Package hyperref Info: Link nesting OFF on input line 4514.
Package hyperref Info: Hyper index ON on input line 4517.
Package hyperref Info: Plain pages OFF on input line 4524.
Package hyperref Info: Backreferencing OFF on input line 4529.
Package hyperref Info: Implicit mode ON; LaTeX internals redefined.
Package hyperref Info: Bookmarks ON on input line 4762.
\c@Hy@tempcnt=\count93

(/usr/share/texlive/texmf-dist/tex/latex/url/url.sty
\Urlmuskip=\muskip10
Package: url 2013/09/16  ver 3.4  Verb mode for urls, etc.
)
LaTeX Info: Redefining \url on input line 5115.
\XeTeXLinkMargin=\dimen104
\Fld@menulength=\count94
\Field@Width=\dimen105
\Fld@charsize=\dimen106
Package hyperref Info: Hyper figures OFF on input line 6369.
Package hyperref Info: Link nesting OFF on input line 6374.
Package hyperref Info: Hyper index ON on input line 6377.
Package hyperref Info: backreferencing OFF on input line 6384.
Package hyperref Info: Link coloring OFF on input line 6389.
Package hyperref Info: Link coloring with OCG OFF on input line 6394.
Package hyperref Info: PDF/A mode OFF on input line 6399.
LaTeX Info: Redefining \ref on input line 6439.
LaTeX Info: Redefining \pageref on input line 6443.
\Hy@abspage=\count95
\c@Item=\count96
\c@Hfootnote=\count97
)
Package hyperref Info: Driver (autodetected): hpdftex.

(/usr/share/texlive/texmf-dist/tex/latex/hyperref/hpdftex.def
File: hpdftex.def 2018/02/06 v6.86b Hyperref driver for pdfTeX
\Fld@listcount=\count98
\c@bookmark@seq@number=\count99

(/usr/share/texlive/texmf-dist/tex/latex/oberdiek/rerunfilecheck.sty
Package: rerunfilecheck 2016/05/16 v1.8 Rerun checks for auxiliary files (HO)
Package uniquecounter Info: New unique counter `rerunfilecheck' on input line 2
82.
)
\Hy@SectionHShift=\skip43
))
(/usr/share/texlive/texmf-dist/tex/latex/amsmath/amsmath.sty
Package: amsmath 2017/09/02 v2.17a AMS math features
\@mathmargin=\skip44

For additional information on amsmath, use the `?' option.
(/usr/share/texlive/texmf-dist/tex/latex/amsmath/amstext.sty
Package: amstext 2000/06/29 v2.01 AMS text

(/usr/share/texlive/texmf-dist/tex/latex/amsmath/amsgen.sty
File: amsgen.sty 1999/11/30 v2.0 generic functions
\@emptytoks=\toks15
\ex@=\dimen107
))
(/usr/share/texlive/texmf-dist/tex/latex/amsmath/amsbsy.sty
Package: amsbsy 1999/11/29 v1.2d Bold Symbols
\pmbraise@=\dimen108
)
(/usr/share/texlive/texmf-dist/tex/latex/amsmath/amsopn.sty
Package: amsopn 2016/03/08 v2.02 operator names
)
\inf@bad=\count100
LaTeX Info: Redefining \frac on input line 213.
\uproot@=\count101
\leftroot@=\count102
LaTeX Info: Redefining \overline on input line 375.
\classnum@=\count103
\DOTSCASE@=\count104
LaTeX Info: Redefining \ldots on input line 472.
LaTeX Info: Redefining \dots on input line 475.
LaTeX Info: Redefining \cdots on input line 596.
\Mathstrutbox@=\box27
\strutbox@=\box28
\big@size=\dimen109
LaTeX Font Info:    Redeclaring font encoding OML on input line 712.
LaTeX Font Info:    Redeclaring font encoding OMS on input line 713.
\macc@depth=\count105
\c@MaxMatrixCols=\count106
\dotsspace@=\muskip11
\c@parentequation=\count107
\dspbrk@lvl=\count108
\tag@help=\toks16
\row@=\count109
\column@=\count110
\maxfields@=\count111
\andhelp@=\toks17
\eqnshift@=\dimen110
\alignsep@=\dimen111
\tagshift@=\dimen112
\tagwidth@=\dimen113
\totwidth@=\dimen114
\lineht@=\dimen115
\@envbody=\toks18
\multlinegap=\skip45
\multlinetaggap=\skip46
\mathdisplay@stack=\toks19
LaTeX Info: Redefining \[ on input line 2817.
LaTeX Info: Redefining \] on input line 2818.
)
(/usr/share/texlive/texmf-dist/tex/latex/graphics/graphicx.sty
Package: graphicx 2017/06/01 v1.1a Enhanced LaTeX Graphics (DPC,SPQR)

(/usr/share/texlive/texmf-dist/tex/latex/graphics/graphics.sty
Package: graphics 2017/06/25 v1.2c Standard LaTeX Graphics (DPC,SPQR)

(/usr/share/texlive/texmf-dist/tex/latex/graphics/trig.sty
Package: trig 2016/01/03 v1.10 sin cos tan (DPC)
)
(/usr/share/texlive/texmf-dist/tex/latex/graphics-cfg/graphics.cfg
File: graphics.cfg 2016/06/04 v1.11 sample graphics configuration
)
Package graphics Info: Driver file: pdftex.def on input line 99.

(/usr/share/texlive/texmf-dist/tex/latex/graphics-def/pdftex.def
File: pdftex.def 2018/01/08 v1.0l Graphics/color driver for pdftex
))
\Gin@req@height=\dimen116
\Gin@req@width=\dimen117
)
No file code.aux.
\openout1 = `code.aux'.

LaTeX Font Info:    Checking defaults for OML/cmm/m/it on input line 19.
LaTeX Font Info:    ... okay on input line 19.
LaTeX Font Info:    Checking defaults for T1/cmr/m/n on input line 19.
LaTeX Font Info:    ... okay on input line 19.
LaTeX Font Info:    Checking defaults for OT1/cmr/m/n on input line 19.
LaTeX Font Info:    ... okay on input line 19.
LaTeX Font Info:    Checking defaults for OMS/cmsy/m/n on input line 19.
LaTeX Font Info:    ... okay on input line 19.
LaTeX Font Info:    Checking defaults for OMX/cmex/m/n on input line 19.
LaTeX Font Info:    ... okay on input line 19.
LaTeX Font Info:    Checking defaults for U/cmr/m/n on input line 19.
LaTeX Font Info:    ... okay on input line 19.
LaTeX Font Info:    Checking defaults for PD1/pdf/m/n on input line 19.
LaTeX Font Info:    ... okay on input line 19.
\AtBeginShipoutBox=\box29
Package hyperref Info: Link coloring OFF on input line 19.
(/usr/share/texlive/texmf-dist/tex/latex/hyperref/nameref.sty
Package: nameref 2016/05/21 v2.44 Cross-referencing by name of section

(/usr/share/texlive/texmf-dist/tex/generic/oberdiek/gettitlestring.sty
Package: gettitlestring 2016/05/16 v1.5 Cleanup title references (HO)
)
\c@section@level=\count112
)
LaTeX Info: Redefining \ref on input line 19.
LaTeX Info: Redefining \pageref on input line 19.
LaTeX Info: Redefining \nameref on input line 19.
\@outlinefile=\write4
\openout4 = `code.out'.


(/usr/share/texlive/texmf-dist/tex/context/base/mkii/supp-pdf.mkii
[Loading MPS to PDF converter (version 2006.09.02).]
\scratchcounter=\count113
\scratchdimen=\dimen118
\scratchbox=\box30
\nofMPsegments=\count114
\nofMParguments=\count115
\everyMPshowfont=\toks20
\MPscratchCnt=\count116
\MPscratchDim=\dimen119
\MPnumerator=\count117
\makeMPintoPDFobject=\count118
\everyMPtoPDFconversion=\toks21
) (/usr/share/texlive/texmf-dist/tex/latex/oberdiek/epstopdf-base.sty
Package: epstopdf-base 2016/05/15 v2.6 Base part for package epstopdf

(/usr/share/texlive/texmf-dist/tex/latex/oberdiek/grfext.sty
Package: grfext 2016/05/16 v1.2 Manage graphics extensions (HO)
)
Package epstopdf-base Info: Redefining graphics rule for `.eps' on input line 4
38.
Package grfext Info: Graphics extension search list:
(grfext)             [.pdf,.png,.jpg,.mps,.jpeg,.jbig2,.jb2,.PDF,.PNG,.JPG,.JPE
G,.JBIG2,.JB2,.eps]
(grfext)             \AppendGraphicsExtensions on input line 456.

(/usr/share/texlive/texmf-dist/tex/latex/latexconfig/epstopdf-sys.cfg
File: epstopdf-sys.cfg 2010/07/13 v1.3 Configuration of (r)epstopdf for TeX Liv
e
))
\tf@toc=\write5
\openout5 = `code.toc'.


[1

{/var/lib/texmf/fonts/map/pdftex/updmap/pdftex.map}]
LaTeX Font Info:    Try loading font information for OMS+cmr on input line 83.

(/usr/share/texlive/texmf-dist/tex/latex/base/omscmr.fd
File: omscmr.fd 2014/09/29 v2.5h Standard LaTeX font definitions
)
LaTeX Font Info:    Font shape `OMS/cmr/m/n' in size <10> not available
(Font)              Font shape `OMS/cmsy/m/n' tried instead on input line 83.
LaTeX Font Info:    Try loading font information for OMS+cmtt on input line 101
.

(/usr/share/texmf/tex/latex/R/tex/latex/omscmtt.fd
File: omscmtt.fd 
)
LaTeX Font Info:    Font shape `OMS/cmtt/m/n' in size <10> not available
(Font)              Font shape `OMS/cmsy/m/n' tried instead on input line 101.
 [2] [3] [4] [5] [6]
[7] [8] [9] [10] [11] [12] [13] [14] [15] [16] [17] [18] [19] [20] [21]
[22] [23] [24] [25] [26] [27]

LaTeX Warning: Citation `Gail81' on page 28 undefined on input line 1424.

[28] [29] [30] [31] [32] [33] [34] [35] [36] [37] [38] [39] [40] [41] [42]
[43] [44] [45] [46] [47] [48] [49] [50] [51] [52] [53] [54] [55] [56] [57]
[58] [59] [60] [61] [62] [63] [64] [65] [66] [67] [68]
Overfull \hbox (6.082pt too wide) in paragraph at lines 3521--3530
[]\OT1/cmr/m/n/10 Finally, the last (some-what bor-ing) part of the code. First
, if given the ar-gu-ment \OT1/cmtt/m/n/10 censor=FALSE
 []

[69] [70] [71] [72] [73] [74] [75] [76] [77] [78] [79] [80] [81] [82] [83]
[84] [85] [86] [87] [88] [89] [90] [91] [92] [93] [94] [95] [96] [97] [98]
[99] [100] [101] [102] [103] [104] [105] [106] [107] [108] [109] [110] [111]
[112] [113] [114] [115] [116] [117] [118]

LaTeX Warning: File `figures/balance.pdf' not found on input line 6110.


! Package pdftex.def Error: File `figures/balance.pdf' not found: using draft s
etting.

See the pdftex.def package documentation for explanation.
Type  H <return>  for immediate help.
 ...                                              
                                                  
l.6110   \myfig{balance}
                        
? X
 
Here is how much of TeX's memory you used:
 6457 strings out of 494923
 118551 string characters out of 6180743
 173289 words of memory out of 5000000
 9303 multiletter control sequences out of 15000+600000
 9705 words of font info for 36 fonts, out of 8000000 for 9000
 14 hyphenation exceptions out of 8191
 35i,10n,28p,265b,470s stack positions out of 5000i,500n,10000p,200000b,80000s
pdfTeX warning (dest): name{btree2} has been referenced but does not exist, rep
laced by a fixed one

pdfTeX warning (dest): name{pcoxph\\unhbox\040\\voidb@x\040\\kern\040\\z@\040\\
char\040`\\protect\040\\discretionary\040{\\char\040\\defaulthyphenchar\040}{}{
}finish1} has been referenced but does not exist, replaced by a fixed one

pdfTeX warning (dest): name{pcoxph\\unhbox\040\\voidb@x\040\\kern\040\\z@\040\\
char\040`\\protect\040\\discretionary\040{\\char\040\\defaulthyphenchar\040}{}{
}terms1} has been referenced but does not exist, replaced by a fixed one

pdfTeX warning (dest): name{pcoxph\\unhbox\040\\voidb@x\040\\kern\040\\z@\040\\
char\040`\\protect\040\\discretionary\040{\\char\040\\defaulthyphenchar\040}{}{
}simple1} has been referenced but does not exist, replaced by a fixed one

pdfTeX warning (dest): name{pcoxph\\unhbox\040\\voidb@x\040\\kern\040\\z@\040\\
char\040`\\protect\040\\discretionary\040{\\char\040\\defaulthyphenchar\040}{}{
}expected21} has been referenced but does not exist, replaced by a fixed one

pdfTeX warning (dest): name{pcoxph\\unhbox\040\\voidb@x\040\\kern\040\\z@\040\\
char\040`\\protect\040\\discretionary\040{\\char\040\\defaulthyphenchar\040}{}{
}expected22} has been referenced but does not exist, replaced by a fixed one

pdfTeX warning (dest): name{pcoxph\\unhbox\040\\voidb@x\040\\kern\040\\z@\040\\
char\040`\\protect\040\\discretionary\040{\\char\040\\defaulthyphenchar\040}{}{
}expected1} has been referenced but does not exist, replaced by a fixed one

pdfTeX warning (dest): name{pcoxph\\unhbox\040\\voidb@x\040\\kern\040\\z@\040\\
char\040`\\protect\040\\discretionary\040{\\char\040\\defaulthyphenchar\040}{}{
}getdata3} has been referenced but does not exist, replaced by a fixed one

pdfTeX warning (dest): name{pcoxph\\unhbox\040\\voidb@x\040\\kern\040\\z@\040\\
char\040`\\protect\040\\discretionary\040{\\char\040\\defaulthyphenchar\040}{}{
}getdata1} has been referenced but does not exist, replaced by a fixed one

pdfTeX warning (dest): name{pcoxph\\unhbox\040\\voidb@x\040\\kern\040\\z@\040\\
char\040`\\protect\040\\discretionary\040{\\char\040\\defaulthyphenchar\040}{}{
}init1} has been referenced but does not exist, replaced by a fixed one

pdfTeX warning (dest): name{pcoxph\\unhbox\040\\voidb@x\040\\kern\040\\z@\040\\
char\040`\\protect\040\\discretionary\040{\\char\040\\defaulthyphenchar\040}{}{
}finish2} has been referenced but does not exist, replaced by a fixed one

pdfTeX warning (dest): name{pcoxph\\unhbox\040\\voidb@x\040\\kern\040\\z@\040\\
char\040`\\protect\040\\discretionary\040{\\char\040\\defaulthyphenchar\040}{}{
}terms2} has been referenced but does not exist, replaced by a fixed one

pdfTeX warning (dest): name{pcoxph\\unhbox\040\\voidb@x\040\\kern\040\\z@\040\\
char\040`\\protect\040\\discretionary\040{\\char\040\\defaulthyphenchar\040}{}{
}simple2} has been referenced but does not exist, replaced by a fixed one

pdfTeX warning (dest): name{pcoxph\\unhbox\040\\voidb@x\040\\kern\040\\z@\040\\
char\040`\\protect\040\\discretionary\040{\\char\040\\defaulthyphenchar\040}{}{
}expected2} has been referenced but does not exist, replaced by a fixed one

pdfTeX warning (dest): name{pcoxph\\unhbox\040\\voidb@x\040\\kern\040\\z@\040\\
char\040`\\protect\040\\discretionary\040{\\char\040\\defaulthyphenchar\040}{}{
}getdata2} has been referenced but does not exist, replaced by a fixed one

pdfTeX warning (dest): name{pcoxph\\unhbox\040\\voidb@x\040\\kern\040\\z@\040\\
char\040`\\protect\040\\discretionary\040{\\char\040\\defaulthyphenchar\040}{}{
}init2} has been referenced but does not exist, replaced by a fixed one

pdfTeX warning (dest): name{finegray\\unhbox\040\\voidb@x\040\\kern\040\\z@\040
\\char\040`\\protect\040\\discretionary\040{\\char\040\\defaulthyphenchar\040}{
}{}build1} has been referenced but does not exist, replaced by a fixed one

pdfTeX warning (dest): name{finegray\\unhbox\040\\voidb@x\040\\kern\040\\z@\040
\\char\040`\\protect\040\\discretionary\040{\\char\040\\defaulthyphenchar\040}{
}{}censor3} has been referenced but does not exist, replaced by a fixed one

pdfTeX warning (dest): name{finegray\\unhbox\040\\voidb@x\040\\kern\040\\z@\040
\\char\040`\\protect\040\\discretionary\040{\\char\040\\defaulthyphenchar\040}{
}{}censor1} has been referenced but does not exist, replaced by a fixed one

pdfTeX warning (dest): name{finegray\\unhbox\040\\voidb@x\040\\kern\040\\z@\040
\\char\040`\\protect\040\\discretionary\040{\\char\040\\defaulthyphenchar\040}{
}{}build2} has been referenced but does not exist, replaced by a fixed one

pdfTeX warning (dest): name{finegray\\unhbox\040\\voidb@x\040\\kern\040\\z@\040
\\char\040`\\protect\040\\discretionary\040{\\char\040\\defaulthyphenchar\040}{
}{}censor2} has been referenced but does not exist, replaced by a fixed one

pdfTeX warning (dest): name{survfit.coxphms\\unhbox\040\\voidb@x\040\\kern\040\
\z@\040\\char\040`\\protect\040\\discretionary\040{\\char\040\\defaulthyphencha
r\040}{}{}result1} has been referenced but does not exist, replaced by a fixed 
one

pdfTeX warning (dest): name{survfit.coxphms\\unhbox\040\\voidb@x\040\\kern\040\
\z@\040\\char\040`\\protect\040\\discretionary\040{\\char\040\\defaulthyphencha
r\040}{}{}setup3b1} has been referenced but does not exist, replaced by a fixed
 one

pdfTeX warning (dest): name{survfit.coxphms\\unhbox\040\\voidb@x\040\\kern\040\
\z@\040\\char\040`\\protect\040\\discretionary\040{\\char\040\\defaulthyphencha
r\040}{}{}setupa1} has been referenced but does not exist, replaced by a fixed 
one

pdfTeX warning (dest): name{survfit.coxphms\\unhbox\040\\voidb@x\040\\kern\040\
\z@\040\\char\040`\\protect\040\\discretionary\040{\\char\040\\defaulthyphencha
r\040}{}{}result2} has been referenced but does not exist, replaced by a fixed 
one

pdfTeX warning (dest): name{survfit.coxphms\\unhbox\040\\voidb@x\040\\kern\040\
\z@\040\\char\040`\\protect\040\\discretionary\040{\\char\040\\defaulthyphencha
r\040}{}{}setup3b2} has been referenced but does not exist, replaced by a fixed
 one

pdfTeX warning (dest): name{survfit.coxphms\\unhbox\040\\voidb@x\040\\kern\040\
\z@\040\\char\040`\\protect\040\\discretionary\040{\\char\040\\defaulthyphencha
r\040}{}{}setupa2} has been referenced but does not exist, replaced by a fixed 
one

pdfTeX warning (dest): name{survfit.coxph\\unhbox\040\\voidb@x\040\\kern\040\\z
@\040\\char\040`\\protect\040\\discretionary\040{\\char\040\\defaulthyphenchar\
040}{}{}compute3} has been referenced but does not exist, replaced by a fixed o
ne

pdfTeX warning (dest): name{survfit.coxph\\unhbox\040\\voidb@x\040\\kern\040\\z
@\040\\char\040`\\protect\040\\discretionary\040{\\char\040\\defaulthyphenchar\
040}{}{}compute1} has been referenced but does not exist, replaced by a fixed o
ne

pdfTeX warning (dest): name{survfit.coxph\\unhbox\040\\voidb@x\040\\kern\040\\z
@\040\\char\040`\\protect\040\\discretionary\040{\\char\040\\defaulthyphenchar\
040}{}{}unlist1} has been referenced but does not exist, replaced by a fixed on
e

pdfTeX warning (dest): name{survfit.coxph\\unhbox\040\\voidb@x\040\\kern\040\\z
@\040\\char\040`\\protect\040\\discretionary\040{\\char\040\\defaulthyphenchar\
040}{}{}unlist2} has been referenced but does not exist, replaced by a fixed on
e

pdfTeX warning (dest): name{survfit.coxph\\unhbox\040\\voidb@x\040\\kern\040\\z
@\040\\char\040`\\protect\040\\discretionary\040{\\char\040\\defaulthyphenchar\
040}{}{}compute2} has been referenced but does not exist, replaced by a fixed o
ne

pdfTeX warning (dest): name{survfit.coxph\\unhbox\040\\voidb@x\040\\kern\040\\z
@\040\\char\040`\\protect\040\\discretionary\040{\\char\040\\defaulthyphenchar\
040}{}{}finish1} has been referenced but does not exist, replaced by a fixed on
e

pdfTeX warning (dest): name{newstrata\\unhbox\040\\voidb@x\040\\kern\040\\z@\04
0\\char\040`\\protect\040\\discretionary\040{\\char\040\\defaulthyphenchar\040}
{}{}fixup1} has been referenced but does not exist, replaced by a fixed one

pdfTeX warning (dest): name{newstrata\\unhbox\040\\voidb@x\040\\kern\040\\z@\04
0\\char\040`\\protect\040\\discretionary\040{\\char\040\\defaulthyphenchar\040}
{}{}fixup2} has been referenced but does not exist, replaced by a fixed one

pdfTeX warning (dest): name{survfit.coxph\\unhbox\040\\voidb@x\040\\kern\040\\z
@\040\\char\040`\\protect\040\\discretionary\040{\\char\040\\defaulthyphenchar\
040}{}{}result1} has been referenced but does not exist, replaced by a fixed on
e

pdfTeX warning (dest): name{survfit.coxph\\unhbox\040\\voidb@x\040\\kern\040\\z
@\040\\char\040`\\protect\040\\discretionary\040{\\char\040\\defaulthyphenchar\
040}{}{}setup34} has been referenced but does not exist, replaced by a fixed on
e

pdfTeX warning (dest): name{survfit.coxph\\unhbox\040\\voidb@x\040\\kern\040\\z
@\040\\char\040`\\protect\040\\discretionary\040{\\char\040\\defaulthyphenchar\
040}{}{}newdata23} has been referenced but does not exist, replaced by a fixed 
one

pdfTeX warning (dest): name{survfit.coxph\\unhbox\040\\voidb@x\040\\kern\040\\z
@\040\\char\040`\\protect\040\\discretionary\040{\\char\040\\defaulthyphenchar\
040}{}{}newdata21} has been referenced but does not exist, replaced by a fixed 
one

pdfTeX warning (dest): name{survfit.coxph\\unhbox\040\\voidb@x\040\\kern\040\\z
@\040\\char\040`\\protect\040\\discretionary\040{\\char\040\\defaulthyphenchar\
040}{}{}newdata22} has been referenced but does not exist, replaced by a fixed 
one

pdfTeX warning (dest): name{survfit.coxph\\unhbox\040\\voidb@x\040\\kern\040\\z
@\040\\char\040`\\protect\040\\discretionary\040{\\char\040\\defaulthyphenchar\
040}{}{}setup33} has been referenced but does not exist, replaced by a fixed on
e

pdfTeX warning (dest): name{survfit.coxph\\unhbox\040\\voidb@x\040\\kern\040\\z
@\040\\char\040`\\protect\040\\discretionary\040{\\char\040\\defaulthyphenchar\
040}{}{}setup31} has been referenced but does not exist, replaced by a fixed on
e

pdfTeX warning (dest): name{survfit.coxph\\unhbox\040\\voidb@x\040\\kern\040\\z
@\040\\char\040`\\protect\040\\discretionary\040{\\char\040\\defaulthyphenchar\
040}{}{}setup2c3} has been referenced but does not exist, replaced by a fixed o
ne

pdfTeX warning (dest): name{survfit.coxph\\unhbox\040\\voidb@x\040\\kern\040\\z
@\040\\char\040`\\protect\040\\discretionary\040{\\char\040\\defaulthyphenchar\
040}{}{}setup2c1} has been referenced but does not exist, replaced by a fixed o
ne

pdfTeX warning (dest): name{survfit.coxph\\unhbox\040\\voidb@x\040\\kern\040\\z
@\040\\char\040`\\protect\040\\discretionary\040{\\char\040\\defaulthyphenchar\
040}{}{}setup2b1} has been referenced but does not exist, replaced by a fixed o
ne

pdfTeX warning (dest): name{survfit.coxph\\unhbox\040\\voidb@x\040\\kern\040\\z
@\040\\char\040`\\protect\040\\discretionary\040{\\char\040\\defaulthyphenchar\
040}{}{}setup23} has been referenced but does not exist, replaced by a fixed on
e

pdfTeX warning (dest): name{survfit.coxph\\unhbox\040\\voidb@x\040\\kern\040\\z
@\040\\char\040`\\protect\040\\discretionary\040{\\char\040\\defaulthyphenchar\
040}{}{}setup21} has been referenced but does not exist, replaced by a fixed on
e

pdfTeX warning (dest): name{survfit.coxph\\unhbox\040\\voidb@x\040\\kern\040\\z
@\040\\char\040`\\protect\040\\discretionary\040{\\char\040\\defaulthyphenchar\
040}{}{}setup15} has been referenced but does not exist, replaced by a fixed on
e

pdfTeX warning (dest): name{survfit.coxph\\unhbox\040\\voidb@x\040\\kern\040\\z
@\040\\char\040`\\protect\040\\discretionary\040{\\char\040\\defaulthyphenchar\
040}{}{}setup14} has been referenced but does not exist, replaced by a fixed on
e

pdfTeX warning (dest): name{survfit.coxph\\unhbox\040\\voidb@x\040\\kern\040\\z
@\040\\char\040`\\protect\040\\discretionary\040{\\char\040\\defaulthyphenchar\
040}{}{}setup13} has been referenced but does not exist, replaced by a fixed on
e

pdfTeX warning (dest): name{survfit.coxph\\unhbox\040\\voidb@x\040\\kern\040\\z
@\040\\char\040`\\protect\040\\discretionary\040{\\char\040\\defaulthyphenchar\
040}{}{}setup11} has been referenced but does not exist, replaced by a fixed on
e

pdfTeX warning (dest): name{survfit.coxph\\unhbox\040\\voidb@x\040\\kern\040\\z
@\040\\char\040`\\protect\040\\discretionary\040{\\char\040\\defaulthyphenchar\
040}{}{}finish2} has been referenced but does not exist, replaced by a fixed on
e

pdfTeX warning (dest): name{survfit.coxph\\unhbox\040\\voidb@x\040\\kern\040\\z
@\040\\char\040`\\protect\040\\discretionary\040{\\char\040\\defaulthyphenchar\
040}{}{}result2} has been referenced but does not exist, replaced by a fixed on
e

pdfTeX warning (dest): name{survfit.coxph\\unhbox\040\\voidb@x\040\\kern\040\\z
@\040\\char\040`\\protect\040\\discretionary\040{\\char\040\\defaulthyphenchar\
040}{}{}setup32} has been referenced but does not exist, replaced by a fixed on
e

pdfTeX warning (dest): name{survfit.coxph\\unhbox\040\\voidb@x\040\\kern\040\\z
@\040\\char\040`\\protect\040\\discretionary\040{\\char\040\\defaulthyphenchar\
040}{}{}setup2c2} has been referenced but does not exist, replaced by a fixed o
ne

pdfTeX warning (dest): name{survfit.coxph\\unhbox\040\\voidb@x\040\\kern\040\\z
@\040\\char\040`\\protect\040\\discretionary\040{\\char\040\\defaulthyphenchar\
040}{}{}setup2b2} has been referenced but does not exist, replaced by a fixed o
ne

pdfTeX warning (dest): name{survfit.coxph\\unhbox\040\\voidb@x\040\\kern\040\\z
@\040\\char\040`\\protect\040\\discretionary\040{\\char\040\\defaulthyphenchar\
040}{}{}setup22} has been referenced but does not exist, replaced by a fixed on
e

pdfTeX warning (dest): name{survfit.coxph\\unhbox\040\\voidb@x\040\\kern\040\\z
@\040\\char\040`\\protect\040\\discretionary\040{\\char\040\\defaulthyphenchar\
040}{}{}setup12} has been referenced but does not exist, replaced by a fixed on
e

pdfTeX warning (dest): name{agfit4\\unhbox\040\\voidb@x\040\\kern\040\\z@\040\\
char\040`\\protect\040\\discretionary\040{\\char\040\\defaulthyphenchar\040}{}{
}finish1} has been referenced but does not exist, replaced by a fixed one

pdfTeX warning (dest): name{agfit4\\unhbox\040\\voidb@x\040\\kern\040\\z@\040\\
char\040`\\protect\040\\discretionary\040{\\char\040\\defaulthyphenchar\040}{}{
}addup3} has been referenced but does not exist, replaced by a fixed one

pdfTeX warning (dest): name{agfit4\\unhbox\040\\voidb@x\040\\kern\040\\z@\040\\
char\040`\\protect\040\\discretionary\040{\\char\040\\defaulthyphenchar\040}{}{
}addup1} has been referenced but does not exist, replaced by a fixed one

pdfTeX warning (dest): name{agfit4\\unhbox\040\\voidb@x\040\\kern\040\\z@\040\\
char\040`\\protect\040\\discretionary\040{\\char\040\\defaulthyphenchar\040}{}{
}iter1} has been referenced but does not exist, replaced by a fixed one

pdfTeX warning (dest): name{agreg\\unhbox\040\\voidb@x\040\\kern\040\\z@\040\\c
har\040`\\protect\040\\discretionary\040{\\char\040\\defaulthyphenchar\040}{}{}
remove1} has been referenced but does not exist, replaced by a fixed one

pdfTeX warning (dest): name{breslow\\unhbox\040\\voidb@x\040\\kern\040\\z@\040\
\char\040`\\protect\040\\discretionary\040{\\char\040\\defaulthyphenchar\040}{}
{}efron1} has been referenced but does not exist, replaced by a fixed one

pdfTeX warning (dest): name{breslow\\unhbox\040\\voidb@x\040\\kern\040\\z@\040\
\char\040`\\protect\040\\discretionary\040{\\char\040\\defaulthyphenchar\040}{}
{}efron2} has been referenced but does not exist, replaced by a fixed one

pdfTeX warning (dest): name{agreg\\unhbox\040\\voidb@x\040\\kern\040\\z@\040\\c
har\040`\\protect\040\\discretionary\040{\\char\040\\defaulthyphenchar\040}{}{}
remove2} has been referenced but does not exist, replaced by a fixed one

pdfTeX warning (dest): name{agfit4\\unhbox\040\\voidb@x\040\\kern\040\\z@\040\\
char\040`\\protect\040\\discretionary\040{\\char\040\\defaulthyphenchar\040}{}{
}addup2} has been referenced but does not exist, replaced by a fixed one

pdfTeX warning (dest): name{agfit4\\unhbox\040\\voidb@x\040\\kern\040\\z@\040\\
char\040`\\protect\040\\discretionary\040{\\char\040\\defaulthyphenchar\040}{}{
}finish2} has been referenced but does not exist, replaced by a fixed one

pdfTeX warning (dest): name{agfit4\\unhbox\040\\voidb@x\040\\kern\040\\z@\040\\
char\040`\\protect\040\\discretionary\040{\\char\040\\defaulthyphenchar\040}{}{
}iter2} has been referenced but does not exist, replaced by a fixed one

pdfTeX warning (dest): name{agreg\\unhbox\040\\voidb@x\040\\kern\040\\z@\040\\c
har\040`\\protect\040\\discretionary\040{\\char\040\\defaulthyphenchar\040}{}{}
finish1} has been referenced but does not exist, replaced by a fixed one

pdfTeX warning (dest): name{agreg\\unhbox\040\\voidb@x\040\\kern\040\\z@\040\\c
har\040`\\protect\040\\discretionary\040{\\char\040\\defaulthyphenchar\040}{}{}
fixup1} has been referenced but does not exist, replaced by a fixed one

pdfTeX warning (dest): name{agreg\\unhbox\040\\voidb@x\040\\kern\040\\z@\040\\c
har\040`\\protect\040\\discretionary\040{\\char\040\\defaulthyphenchar\040}{}{}
finish2} has been referenced but does not exist, replaced by a fixed one

pdfTeX warning (dest): name{agreg\\unhbox\040\\voidb@x\040\\kern\040\\z@\040\\c
har\040`\\protect\040\\discretionary\040{\\char\040\\defaulthyphenchar\040}{}{}
fixup2} has been referenced but does not exist, replaced by a fixed one

pdfTeX warning (dest): name{excox\\unhbox\040\\voidb@x\040\\kern\040\\z@\040\\c
har\040`\\protect\040\\discretionary\040{\\char\040\\defaulthyphenchar\040}{}{}
finish4} has been referenced but does not exist, replaced by a fixed one

pdfTeX warning (dest): name{excox\\unhbox\040\\voidb@x\040\\kern\040\\z@\040\\c
har\040`\\protect\040\\discretionary\040{\\char\040\\defaulthyphenchar\040}{}{}
finish3} has been referenced but does not exist, replaced by a fixed one

pdfTeX warning (dest): name{excox\\unhbox\040\\voidb@x\040\\kern\040\\z@\040\\c
har\040`\\protect\040\\discretionary\040{\\char\040\\defaulthyphenchar\040}{}{}
finish1} has been referenced but does not exist, replaced by a fixed one

pdfTeX warning (dest): name{excox\\unhbox\040\\voidb@x\040\\kern\040\\z@\040\\c
har\040`\\protect\040\\discretionary\040{\\char\040\\defaulthyphenchar\040}{}{}
iter1} has been referenced but does not exist, replaced by a fixed one

pdfTeX warning (dest): name{excox\\unhbox\040\\voidb@x\040\\kern\040\\z@\040\\c
har\040`\\protect\040\\discretionary\040{\\char\040\\defaulthyphenchar\040}{}{}
finish2} has been referenced but does not exist, replaced by a fixed one

pdfTeX warning (dest): name{excox\\unhbox\040\\voidb@x\040\\kern\040\\z@\040\\c
har\040`\\protect\040\\discretionary\040{\\char\040\\defaulthyphenchar\040}{}{}
addup3} has been referenced but does not exist, replaced by a fixed one

pdfTeX warning (dest): name{excox\\unhbox\040\\voidb@x\040\\kern\040\\z@\040\\c
har\040`\\protect\040\\discretionary\040{\\char\040\\defaulthyphenchar\040}{}{}
addup1} has been referenced but does not exist, replaced by a fixed one

pdfTeX warning (dest): name{excox\\unhbox\040\\voidb@x\040\\kern\040\\z@\040\\c
har\040`\\protect\040\\discretionary\040{\\char\040\\defaulthyphenchar\040}{}{}
iter01} has been referenced but does not exist, replaced by a fixed one

pdfTeX warning (dest): name{excox\\unhbox\040\\voidb@x\040\\kern\040\\z@\040\\c
har\040`\\protect\040\\discretionary\040{\\char\040\\defaulthyphenchar\040}{}{}
addup2} has been referenced but does not exist, replaced by a fixed one

pdfTeX warning (dest): name{excox\\unhbox\040\\voidb@x\040\\kern\040\\z@\040\\c
har\040`\\protect\040\\discretionary\040{\\char\040\\defaulthyphenchar\040}{}{}
strata1} has been referenced but does not exist, replaced by a fixed one

pdfTeX warning (dest): name{excox\\unhbox\040\\voidb@x\040\\kern\040\\z@\040\\c
har\040`\\protect\040\\discretionary\040{\\char\040\\defaulthyphenchar\040}{}{}
setup1} has been referenced but does not exist, replaced by a fixed one

pdfTeX warning (dest): name{excox\\unhbox\040\\voidb@x\040\\kern\040\\z@\040\\c
har\040`\\protect\040\\discretionary\040{\\char\040\\defaulthyphenchar\040}{}{}
iter2} has been referenced but does not exist, replaced by a fixed one

pdfTeX warning (dest): name{excox\\unhbox\040\\voidb@x\040\\kern\040\\z@\040\\c
har\040`\\protect\040\\discretionary\040{\\char\040\\defaulthyphenchar\040}{}{}
iter02} has been referenced but does not exist, replaced by a fixed one

pdfTeX warning (dest): name{excox\\unhbox\040\\voidb@x\040\\kern\040\\z@\040\\c
har\040`\\protect\040\\discretionary\040{\\char\040\\defaulthyphenchar\040}{}{}
strata2} has been referenced but does not exist, replaced by a fixed one

pdfTeX warning (dest): name{excox\\unhbox\040\\voidb@x\040\\kern\040\\z@\040\\c
har\040`\\protect\040\\discretionary\040{\\char\040\\defaulthyphenchar\040}{}{}
setup2} has been referenced but does not exist, replaced by a fixed one

pdfTeX warning (dest): name{excox\\unhbox\040\\voidb@x\040\\kern\040\\z@\040\\c
har\040`\\protect\040\\discretionary\040{\\char\040\\defaulthyphenchar\040}{}{}
recur3} has been referenced but does not exist, replaced by a fixed one

pdfTeX warning (dest): name{excox\\unhbox\040\\voidb@x\040\\kern\040\\z@\040\\c
har\040`\\protect\040\\discretionary\040{\\char\040\\defaulthyphenchar\040}{}{}
recur1} has been referenced but does not exist, replaced by a fixed one

pdfTeX warning (dest): name{excox\\unhbox\040\\voidb@x\040\\kern\040\\z@\040\\c
har\040`\\protect\040\\discretionary\040{\\char\040\\defaulthyphenchar\040}{}{}
recur2} has been referenced but does not exist, replaced by a fixed one

pdfTeX warning (dest): name{coxph\\unhbox\040\\voidb@x\040\\kern\040\\z@\040\\c
har\040`\\protect\040\\discretionary\040{\\char\040\\defaulthyphenchar\040}{}{}
finish3} has been referenced but does not exist, replaced by a fixed one

pdfTeX warning (dest): name{coxph\\unhbox\040\\voidb@x\040\\kern\040\\z@\040\\c
har\040`\\protect\040\\discretionary\040{\\char\040\\defaulthyphenchar\040}{}{}
finish1} has been referenced but does not exist, replaced by a fixed one

pdfTeX warning (dest): name{coxph\\unhbox\040\\voidb@x\040\\kern\040\\z@\040\\c
har\040`\\protect\040\\discretionary\040{\\char\040\\defaulthyphenchar\040}{}{}
compute1} has been referenced but does not exist, replaced by a fixed one

pdfTeX warning (dest): name{coxph\\unhbox\040\\voidb@x\040\\kern\040\\z@\040\\c
har\040`\\protect\040\\discretionary\040{\\char\040\\defaulthyphenchar\040}{}{}
penal1} has been referenced but does not exist, replaced by a fixed one

pdfTeX warning (dest): name{coxph\\unhbox\040\\voidb@x\040\\kern\040\\z@\040\\c
har\040`\\protect\040\\discretionary\040{\\char\040\\defaulthyphenchar\040}{}{}
zeroevent1} has been referenced but does not exist, replaced by a fixed one

pdfTeX warning (dest): name{coxph\\unhbox\040\\voidb@x\040\\kern\040\\z@\040\\c
har\040`\\protect\040\\discretionary\040{\\char\040\\defaulthyphenchar\040}{}{}
zeroevent2} has been referenced but does not exist, replaced by a fixed one

pdfTeX warning (dest): name{coxph\\unhbox\040\\voidb@x\040\\kern\040\\z@\040\\c
har\040`\\protect\040\\discretionary\040{\\char\040\\defaulthyphenchar\040}{}{}
setup1} has been referenced but does not exist, replaced by a fixed one

pdfTeX warning (dest): name{coxph\\unhbox\040\\voidb@x\040\\kern\040\\z@\040\\c
har\040`\\protect\040\\discretionary\040{\\char\040\\defaulthyphenchar\040}{}{}
make\\unhbox\040\\voidb@x\040\\kern\040\\z@\040\\char\040`\\protect\040\\discre
tionary\040{\\char\040\\defaulthyphenchar\040}{}{}X3} has been referenced but d
oes not exist, replaced by a fixed one

pdfTeX warning (dest): name{coxph\\unhbox\040\\voidb@x\040\\kern\040\\z@\040\\c
har\040`\\protect\040\\discretionary\040{\\char\040\\defaulthyphenchar\040}{}{}
make\\unhbox\040\\voidb@x\040\\kern\040\\z@\040\\char\040`\\protect\040\\discre
tionary\040{\\char\040\\defaulthyphenchar\040}{}{}X1} has been referenced but d
oes not exist, replaced by a fixed one

pdfTeX warning (dest): name{coxcount\\unhbox\040\\voidb@x\040\\kern\040\\z@\040
\\char\040`\\protect\040\\discretionary\040{\\char\040\\defaulthyphenchar\040}{
}{}list\\unhbox\040\\voidb@x\040\\kern\040\\z@\040\\char\040`\\protect\040\\dis
cretionary\040{\\char\040\\defaulthyphenchar\040}{}{}return3} has been referenc
ed but does not exist, replaced by a fixed one

pdfTeX warning (dest): name{coxcount\\unhbox\040\\voidb@x\040\\kern\040\\z@\040
\\char\040`\\protect\040\\discretionary\040{\\char\040\\defaulthyphenchar\040}{
}{}list\\unhbox\040\\voidb@x\040\\kern\040\\z@\040\\char\040`\\protect\040\\dis
cretionary\040{\\char\040\\defaulthyphenchar\040}{}{}return1} has been referenc
ed but does not exist, replaced by a fixed one

pdfTeX warning (dest): name{coxcount\\unhbox\040\\voidb@x\040\\kern\040\\z@\040
\\char\040`\\protect\040\\discretionary\040{\\char\040\\defaulthyphenchar\040}{
}{}alloc\\unhbox\040\\voidb@x\040\\kern\040\\z@\040\\char\040`\\protect\040\\di
scretionary\040{\\char\040\\defaulthyphenchar\040}{}{}memory3} has been referen
ced but does not exist, replaced by a fixed one

pdfTeX warning (dest): name{coxcount\\unhbox\040\\voidb@x\040\\kern\040\\z@\040
\\char\040`\\protect\040\\discretionary\040{\\char\040\\defaulthyphenchar\040}{
}{}alloc\\unhbox\040\\voidb@x\040\\kern\040\\z@\040\\char\040`\\protect\040\\di
scretionary\040{\\char\040\\defaulthyphenchar\040}{}{}memory1} has been referen
ced but does not exist, replaced by a fixed one

pdfTeX warning (dest): name{coxcount\\unhbox\040\\voidb@x\040\\kern\040\\z@\040
\\char\040`\\protect\040\\discretionary\040{\\char\040\\defaulthyphenchar\040}{
}{}list\\unhbox\040\\voidb@x\040\\kern\040\\z@\040\\char\040`\\protect\040\\dis
cretionary\040{\\char\040\\defaulthyphenchar\040}{}{}return2} has been referenc
ed but does not exist, replaced by a fixed one

pdfTeX warning (dest): name{coxcount\\unhbox\040\\voidb@x\040\\kern\040\\z@\040
\\char\040`\\protect\040\\discretionary\040{\\char\040\\defaulthyphenchar\040}{
}{}alloc\\unhbox\040\\voidb@x\040\\kern\040\\z@\040\\char\040`\\protect\040\\di
scretionary\040{\\char\040\\defaulthyphenchar\040}{}{}memory2} has been referen
ced but does not exist, replaced by a fixed one

pdfTeX warning (dest): name{coxph\\unhbox\040\\voidb@x\040\\kern\040\\z@\040\\c
har\040`\\protect\040\\discretionary\040{\\char\040\\defaulthyphenchar\040}{}{}
transform4} has been referenced but does not exist, replaced by a fixed one

pdfTeX warning (dest): name{coxph\\unhbox\040\\voidb@x\040\\kern\040\\z@\040\\c
har\040`\\protect\040\\discretionary\040{\\char\040\\defaulthyphenchar\040}{}{}
transform3} has been referenced but does not exist, replaced by a fixed one

pdfTeX warning (dest): name{coxph\\unhbox\040\\voidb@x\040\\kern\040\\z@\040\\c
har\040`\\protect\040\\discretionary\040{\\char\040\\defaulthyphenchar\040}{}{}
transform1} has been referenced but does not exist, replaced by a fixed one

pdfTeX warning (dest): name{coxph\\unhbox\040\\voidb@x\040\\kern\040\\z@\040\\c
har\040`\\protect\040\\discretionary\040{\\char\040\\defaulthyphenchar\040}{}{}
bothsides1} has been referenced but does not exist, replaced by a fixed one

pdfTeX warning (dest): name{coxph\\unhbox\040\\voidb@x\040\\kern\040\\z@\040\\c
har\040`\\protect\040\\discretionary\040{\\char\040\\defaulthyphenchar\040}{}{}
multi\\unhbox\040\\voidb@x\040\\kern\040\\z@\040\\char\040`\\protect\040\\discr
etionary\040{\\char\040\\defaulthyphenchar\040}{}{}X4} has been referenced but 
does not exist, replaced by a fixed one

pdfTeX warning (dest): name{coxph\\unhbox\040\\voidb@x\040\\kern\040\\z@\040\\c
har\040`\\protect\040\\discretionary\040{\\char\040\\defaulthyphenchar\040}{}{}
multi\\unhbox\040\\voidb@x\040\\kern\040\\z@\040\\char\040`\\protect\040\\discr
etionary\040{\\char\040\\defaulthyphenchar\040}{}{}X3} has been referenced but 
does not exist, replaced by a fixed one

pdfTeX warning (dest): name{coxph\\unhbox\040\\voidb@x\040\\kern\040\\z@\040\\c
har\040`\\protect\040\\discretionary\040{\\char\040\\defaulthyphenchar\040}{}{}
multi\\unhbox\040\\voidb@x\040\\kern\040\\z@\040\\char\040`\\protect\040\\discr
etionary\040{\\char\040\\defaulthyphenchar\040}{}{}X1} has been referenced but 
does not exist, replaced by a fixed one

pdfTeX warning (dest): name{coxph\\unhbox\040\\voidb@x\040\\kern\040\\z@\040\\c
har\040`\\protect\040\\discretionary\040{\\char\040\\defaulthyphenchar\040}{}{}
missing1} has been referenced but does not exist, replaced by a fixed one

pdfTeX warning (dest): name{coxph\\unhbox\040\\voidb@x\040\\kern\040\\z@\040\\c
har\040`\\protect\040\\discretionary\040{\\char\040\\defaulthyphenchar\040}{}{}
missing2} has been referenced but does not exist, replaced by a fixed one

pdfTeX warning (dest): name{coxph\\unhbox\040\\voidb@x\040\\kern\040\\z@\040\\c
har\040`\\protect\040\\discretionary\040{\\char\040\\defaulthyphenchar\040}{}{}
multiform21} has been referenced but does not exist, replaced by a fixed one

pdfTeX warning (dest): name{coxph\\unhbox\040\\voidb@x\040\\kern\040\\z@\040\\c
har\040`\\protect\040\\discretionary\040{\\char\040\\defaulthyphenchar\040}{}{}
multiform11} has been referenced but does not exist, replaced by a fixed one

pdfTeX warning (dest): name{coxph\\unhbox\040\\voidb@x\040\\kern\040\\z@\040\\c
har\040`\\protect\040\\discretionary\040{\\char\040\\defaulthyphenchar\040}{}{}
finish2} has been referenced but does not exist, replaced by a fixed one

pdfTeX warning (dest): name{coxph\\unhbox\040\\voidb@x\040\\kern\040\\z@\040\\c
har\040`\\protect\040\\discretionary\040{\\char\040\\defaulthyphenchar\040}{}{}
compute2} has been referenced but does not exist, replaced by a fixed one

pdfTeX warning (dest): name{coxph\\unhbox\040\\voidb@x\040\\kern\040\\z@\040\\c
har\040`\\protect\040\\discretionary\040{\\char\040\\defaulthyphenchar\040}{}{}
penal2} has been referenced but does not exist, replaced by a fixed one

pdfTeX warning (dest): name{coxph\\unhbox\040\\voidb@x\040\\kern\040\\z@\040\\c
har\040`\\protect\040\\discretionary\040{\\char\040\\defaulthyphenchar\040}{}{}
multi\\unhbox\040\\voidb@x\040\\kern\040\\z@\040\\char\040`\\protect\040\\discr
etionary\040{\\char\040\\defaulthyphenchar\040}{}{}X2} has been referenced but 
does not exist, replaced by a fixed one

pdfTeX warning (dest): name{coxph\\unhbox\040\\voidb@x\040\\kern\040\\z@\040\\c
har\040`\\protect\040\\discretionary\040{\\char\040\\defaulthyphenchar\040}{}{}
setup2} has been referenced but does not exist, replaced by a fixed one

pdfTeX warning (dest): name{coxph\\unhbox\040\\voidb@x\040\\kern\040\\z@\040\\c
har\040`\\protect\040\\discretionary\040{\\char\040\\defaulthyphenchar\040}{}{}
make\\unhbox\040\\voidb@x\040\\kern\040\\z@\040\\char\040`\\protect\040\\discre
tionary\040{\\char\040\\defaulthyphenchar\040}{}{}X2} has been referenced but d
oes not exist, replaced by a fixed one

pdfTeX warning (dest): name{coxph\\unhbox\040\\voidb@x\040\\kern\040\\z@\040\\c
har\040`\\protect\040\\discretionary\040{\\char\040\\defaulthyphenchar\040}{}{}
multiform22} has been referenced but does not exist, replaced by a fixed one

pdfTeX warning (dest): name{coxph\\unhbox\040\\voidb@x\040\\kern\040\\z@\040\\c
har\040`\\protect\040\\discretionary\040{\\char\040\\defaulthyphenchar\040}{}{}
transform2} has been referenced but does not exist, replaced by a fixed one

pdfTeX warning (dest): name{coxph\\unhbox\040\\voidb@x\040\\kern\040\\z@\040\\c
har\040`\\protect\040\\discretionary\040{\\char\040\\defaulthyphenchar\040}{}{}
bothsides2} has been referenced but does not exist, replaced by a fixed one

pdfTeX warning (dest): name{coxph\\unhbox\040\\voidb@x\040\\kern\040\\z@\040\\c
har\040`\\protect\040\\discretionary\040{\\char\040\\defaulthyphenchar\040}{}{}
multiform12} has been referenced but does not exist, replaced by a fixed one

</usr/share/texlive/texmf-dist/fonts/type1/public/amsfonts/cm/cmbx10.pfb></usr/
share/texlive/texmf-dist/fonts/type1/public/amsfonts/cm/cmbx12.pfb></usr/share/
texlive/texmf-dist/fonts/type1/public/amsfonts/cm/cmex10.pfb></usr/share/texliv
e/texmf-dist/fonts/type1/public/amsfonts/cm/cmitt10.pfb></usr/share/texlive/tex
mf-dist/fonts/type1/public/amsfonts/cm/cmmi10.pfb></usr/share/texlive/texmf-dis
t/fonts/type1/public/amsfonts/cm/cmmi5.pfb></usr/share/texlive/texmf-dist/fonts
/type1/public/amsfonts/cm/cmmi7.pfb></usr/share/texlive/texmf-dist/fonts/type1/
public/amsfonts/cm/cmr10.pfb></usr/share/texlive/texmf-dist/fonts/type1/public/
amsfonts/cm/cmr12.pfb></usr/share/texlive/texmf-dist/fonts/type1/public/amsfont
s/cm/cmr17.pfb></usr/share/texlive/texmf-dist/fonts/type1/public/amsfonts/cm/cm
r5.pfb></usr/share/texlive/texmf-dist/fonts/type1/public/amsfonts/cm/cmr7.pfb><
/usr/share/texlive/texmf-dist/fonts/type1/public/amsfonts/cm/cmsy10.pfb></usr/s
hare/texlive/texmf-dist/fonts/type1/public/amsfonts/cm/cmsy7.pfb></usr/share/te
xlive/texmf-dist/fonts/type1/public/amsfonts/cm/cmti10.pfb></usr/share/texlive/
texmf-dist/fonts/type1/public/amsfonts/cm/cmtt10.pfb>
Output written on code.pdf (118 pages, 408326 bytes).
PDF statistics:
 1148 PDF objects out of 1200 (max. 8388607)
 1001 compressed objects within 11 object streams
 431 named destinations out of 1000 (max. 500000)
 1 words of extra memory for PDF output out of 10000 (max. 10000000)

